<?xml version="1.0" encoding="UTF-8"?>
<!-- Generated by org.testng.reporters.JUnitXMLReporter -->
<testsuite hostname="digya" name="Default test" tests="11" failures="0" timestamp="15 Nov 2016 22:03:45 GMT" time="13.512" errors="0">
  <testcase name="InsertNewPosts" time="3.002" classname="com.urltest.FunctionalTest"/>
  <testcase name="deleteMethodTest" time="0.199" classname="com.urltest.FunctionalTest"/>
  <testcase name="formTest" time="2.123" classname="com.urltest.FunctionalTest"/>
  <testcase name="getAll" time="0.073" classname="com.urltest.FunctionalTest"/>
  <testcase name="getDelete" time="0.0" classname="com.urltest.FunctionalTest"/>
  <testcase name="getFirstAndLastName" time="0.119" classname="com.urltest.FunctionalTest"/>
  <testcase name="getFirstName" time="0.06" classname="com.urltest.FunctionalTest"/>
  <testcase name="getMethodTest" time="0.07" classname="com.urltest.FunctionalTest"/>
  <testcase name="idTest" time="0.305" classname="com.urltest.FunctionalTest"/>
  <testcase name="putMethodTest" time="0.103" classname="com.urltest.FunctionalTest"/>
  <testcase name="contextLoads" time="0.004" classname="com.bookmanagement.BookmanagementApplicationTests"/>
</testsuite> <!-- Default test -->
